<?xml version="1.0" encoding="UTF-8"?>
<!-- Generated by org.testng.reporters.JUnitReportReporter -->
<testsuite hostname="Maulik-PC" name="testcases.SignInTestCase" tests="1" failures="0" timestamp="7 Oct 2015 21:15:04 GMT" time="30.313" errors="0">
  <testcase name="SignInTest" time="30.313" classname="testcases.SignInTestCase"/>
</testsuite> <!-- testcases.SignInTestCase -->
