<?xml version="1.0" encoding="UTF-8"?>
<!-- Generated by org.testng.reporters.JUnitReportReporter -->
<testsuite hostname="Maulik-PC" name="testcases.SignInTestCase" tests="1" failures="0" timestamp="7 Oct 2015 21:31:18 GMT" time="12.389" errors="0">
  <testcase name="SignInTest" time="12.389" classname="testcases.SignInTestCase"/>
</testsuite> <!-- testcases.SignInTestCase -->
