<?xml version="1.0" encoding="UTF-8"?>
<!-- Generated by org.testng.reporters.JUnitReportReporter -->
<testsuite hostname="Maulik-PC" name="testcases.TrashTestCase" tests="1" failures="0" timestamp="7 Oct 2015 21:24:00 GMT" time="29.576" errors="0">
  <testcase name="trashEmail" time="29.576" classname="testcases.TrashTestCase"/>
</testsuite> <!-- testcases.TrashTestCase -->
