<?xml version="1.0" encoding="UTF-8"?>
<!-- Generated by org.testng.reporters.JUnitReportReporter -->
<testsuite hostname="Maulik-PC" name="testcases.LabelTestCase" tests="1" failures="0" timestamp="7 Oct 2015 21:24:00 GMT" time="2.955" errors="0">
  <testcase name="moveToLabel" time="2.955" classname="testcases.LabelTestCase"/>
</testsuite> <!-- testcases.LabelTestCase -->
